Analysis & Synthesis report for LogicalStep_Lab4_top
Fri Jul 15 18:40:43 2022
Quartus Prime Version 15.1.0 Build 185 10/21/2015 SJ Standard Edition


---------------------
; Table of Contents ;
---------------------
  1. Legal Notice
  2. Analysis & Synthesis Summary
  3. Analysis & Synthesis Settings
  4. Parallel Compilation
  5. Analysis & Synthesis Source Files Read
  6. Analysis & Synthesis Resource Usage Summary
  7. Analysis & Synthesis Resource Utilization by Entity
  8. State Machine - |LogicalStep_Lab4_top|State_Machine_Grabber:INST14|current_state
  9. State Machine - |LogicalStep_Lab4_top|State_Machine_Extender:INST12|current_state
 10. State Machine - |LogicalStep_Lab4_top|XYMotion:INST6|XYMotion_Component_2:INST2|current_state
 11. State Machine - |LogicalStep_Lab4_top|XYMotion:INST6|XYMotion_Component_2:INST1|current_state
 12. User-Specified and Inferred Latches
 13. Registers Removed During Synthesis
 14. General Register Statistics
 15. Multiplexer Restructuring Statistics (Restructuring Performed)
 16. Port Connectivity Checks: "XYMotion:INST6|XYMotion_Component_2:INST2"
 17. Port Connectivity Checks: "XYMotion:INST6|XYMotion_Component_2:INST1"
 18. Port Connectivity Checks: "Clock_Source:Clock_Selector"
 19. Post-Synthesis Netlist Statistics for Top Partition
 20. Elapsed Time Per Partition
 21. Analysis & Synthesis Messages



----------------
; Legal Notice ;
----------------
Copyright (C) 1991-2015 Altera Corporation. All rights reserved.
Your use of Altera Corporation's design tools, logic functions 
and other software and tools, and its AMPP partner logic 
functions, and any output files from any of the foregoing 
(including device programming or simulation files), and any 
associated documentation or information are expressly subject 
to the terms and conditions of the Altera Program License 
Subscription Agreement, the Altera Quartus Prime License Agreement,
the Altera MegaCore Function License Agreement, or other 
applicable license agreement, including, without limitation, 
that your use is for the sole purpose of programming logic 
devices manufactured by Altera and sold by Altera or its 
authorized distributors.  Please refer to the applicable 
agreement for further details.



+--------------------------------------------------------------------------------------+
; Analysis & Synthesis Summary                                                         ;
+------------------------------------+-------------------------------------------------+
; Analysis & Synthesis Status        ; Successful - Fri Jul 15 18:40:43 2022           ;
; Quartus Prime Version              ; 15.1.0 Build 185 10/21/2015 SJ Standard Edition ;
; Revision Name                      ; LogicalStep_Lab4_top                            ;
; Top-level Entity Name              ; LogicalStep_Lab4_top                            ;
; Family                             ; MAX 10                                          ;
; Total logic elements               ; 141                                             ;
;     Total combinational functions  ; 125                                             ;
;     Dedicated logic registers      ; 66                                              ;
; Total registers                    ; 66                                              ;
; Total pins                         ; 30                                              ;
; Total virtual pins                 ; 0                                               ;
; Total memory bits                  ; 0                                               ;
; Embedded Multiplier 9-bit elements ; 0                                               ;
; Total PLLs                         ; 0                                               ;
; UFM blocks                         ; 0                                               ;
; ADC blocks                         ; 0                                               ;
+------------------------------------+-------------------------------------------------+


+--------------------------------------------------------------------------------------------------------------------------+
; Analysis & Synthesis Settings                                                                                            ;
+----------------------------------------------------------------------------+----------------------+----------------------+
; Option                                                                     ; Setting              ; Default Value        ;
+----------------------------------------------------------------------------+----------------------+----------------------+
; Device                                                                     ; 10M08SAE144C8G       ;                      ;
; Top-level entity name                                                      ; LogicalStep_Lab4_top ; LogicalStep_Lab4_top ;
; Family name                                                                ; MAX 10               ; Cyclone V            ;
; Use smart compilation                                                      ; Off                  ; Off                  ;
; Enable parallel Assembler and TimeQuest Timing Analyzer during compilation ; On                   ; On                   ;
; Enable compact report table                                                ; Off                  ; Off                  ;
; Restructure Multiplexers                                                   ; Auto                 ; Auto                 ;
; Create Debugging Nodes for IP Cores                                        ; Off                  ; Off                  ;
; Preserve fewer node names                                                  ; On                   ; On                   ;
; Disable OpenCore Plus hardware evaluation                                  ; Off                  ; Off                  ;
; Verilog Version                                                            ; Verilog_2001         ; Verilog_2001         ;
; VHDL Version                                                               ; VHDL_1993            ; VHDL_1993            ;
; State Machine Processing                                                   ; Auto                 ; Auto                 ;
; Safe State Machine                                                         ; Off                  ; Off                  ;
; Extract Verilog State Machines                                             ; On                   ; On                   ;
; Extract VHDL State Machines                                                ; On                   ; On                   ;
; Ignore Verilog initial constructs                                          ; Off                  ; Off                  ;
; Iteration limit for constant Verilog loops                                 ; 5000                 ; 5000                 ;
; Iteration limit for non-constant Verilog loops                             ; 250                  ; 250                  ;
; Add Pass-Through Logic to Inferred RAMs                                    ; On                   ; On                   ;
; Infer RAMs from Raw Logic                                                  ; On                   ; On                   ;
; Parallel Synthesis                                                         ; On                   ; On                   ;
; DSP Block Balancing                                                        ; Auto                 ; Auto                 ;
; NOT Gate Push-Back                                                         ; On                   ; On                   ;
; Power-Up Don't Care                                                        ; On                   ; On                   ;
; Remove Redundant Logic Cells                                               ; Off                  ; Off                  ;
; Remove Duplicate Registers                                                 ; On                   ; On                   ;
; Ignore CARRY Buffers                                                       ; Off                  ; Off                  ;
; Ignore CASCADE Buffers                                                     ; Off                  ; Off                  ;
; Ignore GLOBAL Buffers                                                      ; Off                  ; Off                  ;
; Ignore ROW GLOBAL Buffers                                                  ; Off                  ; Off                  ;
; Ignore LCELL Buffers                                                       ; Off                  ; Off                  ;
; Ignore SOFT Buffers                                                        ; On                   ; On                   ;
; Limit AHDL Integers to 32 Bits                                             ; Off                  ; Off                  ;
; Optimization Technique                                                     ; Balanced             ; Balanced             ;
; Carry Chain Length                                                         ; 70                   ; 70                   ;
; Auto Carry Chains                                                          ; On                   ; On                   ;
; Auto Open-Drain Pins                                                       ; On                   ; On                   ;
; Perform WYSIWYG Primitive Resynthesis                                      ; Off                  ; Off                  ;
; Auto ROM Replacement                                                       ; On                   ; On                   ;
; Auto RAM Replacement                                                       ; On                   ; On                   ;
; Auto DSP Block Replacement                                                 ; On                   ; On                   ;
; Auto Shift Register Replacement                                            ; Auto                 ; Auto                 ;
; Allow Shift Register Merging across Hierarchies                            ; Auto                 ; Auto                 ;
; Auto Clock Enable Replacement                                              ; On                   ; On                   ;
; Strict RAM Replacement                                                     ; Off                  ; Off                  ;
; Allow Synchronous Control Signals                                          ; On                   ; On                   ;
; Force Use of Synchronous Clear Signals                                     ; Off                  ; Off                  ;
; Auto RAM Block Balancing                                                   ; On                   ; On                   ;
; Auto RAM to Logic Cell Conversion                                          ; Off                  ; Off                  ;
; Auto Resource Sharing                                                      ; Off                  ; Off                  ;
; Allow Any RAM Size For Recognition                                         ; Off                  ; Off                  ;
; Allow Any ROM Size For Recognition                                         ; Off                  ; Off                  ;
; Allow Any Shift Register Size For Recognition                              ; Off                  ; Off                  ;
; Use LogicLock Constraints during Resource Balancing                        ; On                   ; On                   ;
; Ignore translate_off and synthesis_off directives                          ; Off                  ; Off                  ;
; Timing-Driven Synthesis                                                    ; On                   ; On                   ;
; Report Parameter Settings                                                  ; On                   ; On                   ;
; Report Source Assignments                                                  ; On                   ; On                   ;
; Report Connectivity Checks                                                 ; On                   ; On                   ;
; Ignore Maximum Fan-Out Assignments                                         ; Off                  ; Off                  ;
; Synchronization Register Chain Length                                      ; 2                    ; 2                    ;
; PowerPlay Power Optimization During Synthesis                              ; Normal compilation   ; Normal compilation   ;
; HDL message level                                                          ; Level2               ; Level2               ;
; Suppress Register Optimization Related Messages                            ; Off                  ; Off                  ;
; Number of Removed Registers Reported in Synthesis Report                   ; 5000                 ; 5000                 ;
; Number of Swept Nodes Reported in Synthesis Report                         ; 5000                 ; 5000                 ;
; Number of Inverted Registers Reported in Synthesis Report                  ; 100                  ; 100                  ;
; Clock MUX Protection                                                       ; On                   ; On                   ;
; Auto Gated Clock Conversion                                                ; Off                  ; Off                  ;
; Block Design Naming                                                        ; Auto                 ; Auto                 ;
; SDC constraint protection                                                  ; Off                  ; Off                  ;
; Synthesis Effort                                                           ; Auto                 ; Auto                 ;
; Shift Register Replacement - Allow Asynchronous Clear Signal               ; On                   ; On                   ;
; Pre-Mapping Resynthesis Optimization                                       ; Off                  ; Off                  ;
; Analysis & Synthesis Message Level                                         ; Medium               ; Medium               ;
; Disable Register Merging Across Hierarchies                                ; Auto                 ; Auto                 ;
; Resource Aware Inference For Block RAM                                     ; On                   ; On                   ;
; Synthesis Seed                                                             ; 1                    ; 1                    ;
+----------------------------------------------------------------------------+----------------------+----------------------+


+------------------------------------------+
; Parallel Compilation                     ;
+----------------------------+-------------+
; Processors                 ; Number      ;
+----------------------------+-------------+
; Number detected on machine ; 4           ;
; Maximum allowed            ; 2           ;
;                            ;             ;
; Average used               ; 1.00        ;
; Maximum used               ; 2           ;
;                            ;             ;
; Usage by Processor         ; % Time Used ;
;     Processor 1            ; 100.0%      ;
;     Processor 2            ; < 0.1%      ;
+----------------------------+-------------+


+-----------------------------------------------------------------------------------------------------------------------------------------------------------------------------------------------------------------------------------------------------------------------+
; Analysis & Synthesis Source Files Read                                                                                                                                                                                                                                ;
+----------------------------------+-----------------+-----------------------+--------------------------------------------------------------------------------------------------------------------------------------------------------------------------------+---------+
; File Name with User-Entered Path ; Used in Netlist ; File Type             ; File Name with Absolute Path                                                                                                                                                   ; Library ;
+----------------------------------+-----------------+-----------------------+--------------------------------------------------------------------------------------------------------------------------------------------------------------------------------+---------+
; LogicalStep_Lab4_top.vhd         ; yes             ; User VHDL File        ; N:/ECE-124/new ta ma de/Lab4 Ruguonibugongzuo wo ba ni ren dao trash li to/Lab4 Ruguonibugongzuo wo ba ni ren dao trash li to/ta ma de dong si/Lab4/LogicalStep_Lab4_top.vhd   ;         ;
; segment7_mux.vhd                 ; yes             ; User VHDL File        ; N:/ECE-124/new ta ma de/Lab4 Ruguonibugongzuo wo ba ni ren dao trash li to/Lab4 Ruguonibugongzuo wo ba ni ren dao trash li to/ta ma de dong si/Lab4/segment7_mux.vhd           ;         ;
; SevenSegment.vhd                 ; yes             ; User VHDL File        ; N:/ECE-124/new ta ma de/Lab4 Ruguonibugongzuo wo ba ni ren dao trash li to/Lab4 Ruguonibugongzuo wo ba ni ren dao trash li to/ta ma de dong si/Lab4/SevenSegment.vhd           ;         ;
; State_Machine_Extender.vhd       ; yes             ; User VHDL File        ; N:/ECE-124/new ta ma de/Lab4 Ruguonibugongzuo wo ba ni ren dao trash li to/Lab4 Ruguonibugongzuo wo ba ni ren dao trash li to/ta ma de dong si/Lab4/State_Machine_Extender.vhd ;         ;
; grappler.vhd                     ; yes             ; User VHDL File        ; N:/ECE-124/new ta ma de/Lab4 Ruguonibugongzuo wo ba ni ren dao trash li to/Lab4 Ruguonibugongzuo wo ba ni ren dao trash li to/ta ma de dong si/Lab4/grappler.vhd               ;         ;
; Bidir_shift_reg.vhd              ; yes             ; User VHDL File        ; N:/ECE-124/new ta ma de/Lab4 Ruguonibugongzuo wo ba ni ren dao trash li to/Lab4 Ruguonibugongzuo wo ba ni ren dao trash li to/ta ma de dong si/Lab4/Bidir_shift_reg.vhd        ;         ;
; register.vhd                     ; yes             ; User VHDL File        ; N:/ECE-124/new ta ma de/Lab4 Ruguonibugongzuo wo ba ni ren dao trash li to/Lab4 Ruguonibugongzuo wo ba ni ren dao trash li to/ta ma de dong si/Lab4/register.vhd               ;         ;
; updownbinarycounter.vhd          ; yes             ; User VHDL File        ; N:/ECE-124/new ta ma de/Lab4 Ruguonibugongzuo wo ba ni ren dao trash li to/Lab4 Ruguonibugongzuo wo ba ni ren dao trash li to/ta ma de dong si/Lab4/updownbinarycounter.vhd    ;         ;
; XYMotion2.vhd                    ; yes             ; User VHDL File        ; N:/ECE-124/new ta ma de/Lab4 Ruguonibugongzuo wo ba ni ren dao trash li to/Lab4 Ruguonibugongzuo wo ba ni ren dao trash li to/ta ma de dong si/Lab4/XYMotion2.vhd              ;         ;
; XYMotionFinal2.vhd               ; yes             ; User VHDL File        ; N:/ECE-124/new ta ma de/Lab4 Ruguonibugongzuo wo ba ni ren dao trash li to/Lab4 Ruguonibugongzuo wo ba ni ren dao trash li to/ta ma de dong si/Lab4/XYMotionFinal2.vhd         ;         ;
; clock_source.vhd                 ; yes             ; Auto-Found VHDL File  ; N:/ECE-124/new ta ma de/Lab4 Ruguonibugongzuo wo ba ni ren dao trash li to/Lab4 Ruguonibugongzuo wo ba ni ren dao trash li to/ta ma de dong si/Lab4/clock_source.vhd           ;         ;
; synch_inverter.vhd               ; yes             ; Auto-Found VHDL File  ; N:/ECE-124/new ta ma de/Lab4 Ruguonibugongzuo wo ba ni ren dao trash li to/Lab4 Ruguonibugongzuo wo ba ni ren dao trash li to/ta ma de dong si/Lab4/synch_inverter.vhd         ;         ;
; compx4.vhd                       ; yes             ; Auto-Found VHDL File  ; N:/ECE-124/new ta ma de/Lab4 Ruguonibugongzuo wo ba ni ren dao trash li to/Lab4 Ruguonibugongzuo wo ba ni ren dao trash li to/ta ma de dong si/Lab4/compx4.vhd                 ;         ;
; compx1.vhd                       ; yes             ; Auto-Found VHDL File  ; N:/ECE-124/new ta ma de/Lab4 Ruguonibugongzuo wo ba ni ren dao trash li to/Lab4 Ruguonibugongzuo wo ba ni ren dao trash li to/ta ma de dong si/Lab4/compx1.vhd                 ;         ;
+----------------------------------+-----------------+-----------------------+--------------------------------------------------------------------------------------------------------------------------------------------------------------------------------+---------+


+----------------------------------------------------------------------------------------------------+
; Analysis & Synthesis Resource Usage Summary                                                        ;
+---------------------------------------------+------------------------------------------------------+
; Resource                                    ; Usage                                                ;
+---------------------------------------------+------------------------------------------------------+
; Estimated Total logic elements              ; 141                                                  ;
;                                             ;                                                      ;
; Total combinational functions               ; 125                                                  ;
; Logic element usage by number of LUT inputs ;                                                      ;
;     -- 4 input functions                    ; 51                                                   ;
;     -- 3 input functions                    ; 26                                                   ;
;     -- <=2 input functions                  ; 48                                                   ;
;                                             ;                                                      ;
; Logic elements by mode                      ;                                                      ;
;     -- normal mode                          ; 88                                                   ;
;     -- arithmetic mode                      ; 37                                                   ;
;                                             ;                                                      ;
; Total registers                             ; 66                                                   ;
;     -- Dedicated logic registers            ; 66                                                   ;
;     -- I/O registers                        ; 0                                                    ;
;                                             ;                                                      ;
; I/O pins                                    ; 30                                                   ;
;                                             ;                                                      ;
; Embedded Multiplier 9-bit elements          ; 0                                                    ;
;                                             ;                                                      ;
; Maximum fan-out node                        ; Clock_Source:Clock_Selector|\clk_divider:counter[23] ;
; Maximum fan-out                             ; 44                                                   ;
; Total fan-out                               ; 595                                                  ;
; Average fan-out                             ; 2.37                                                 ;
+---------------------------------------------+------------------------------------------------------+


+-----------------------------------------------------------------------------------------------------------------------------------------------------------------------------------------------------------------------------------------------------------+
; Analysis & Synthesis Resource Utilization by Entity                                                                                                                                                                                                       ;
+------------------------------------+-------------------+--------------+-------------+------------+--------------+---------+-----------+------+--------------+------------+-----------------------------------------------------------------+--------------+
; Compilation Hierarchy Node         ; LC Combinationals ; LC Registers ; Memory Bits ; UFM Blocks ; DSP Elements ; DSP 9x9 ; DSP 18x18 ; Pins ; Virtual Pins ; ADC blocks ; Full Hierarchy Name                                             ; Library Name ;
+------------------------------------+-------------------+--------------+-------------+------------+--------------+---------+-----------+------+--------------+------------+-----------------------------------------------------------------+--------------+
; |LogicalStep_Lab4_top              ; 125 (0)           ; 66 (0)       ; 0           ; 0          ; 0            ; 0       ; 0         ; 30   ; 0            ; 0          ; |LogicalStep_Lab4_top                                           ; work         ;
;    |Bidir_shift_reg:INST13|        ; 4 (4)             ; 4 (4)        ; 0           ; 0          ; 0            ; 0       ; 0         ; 0    ; 0            ; 0          ; |LogicalStep_Lab4_top|Bidir_shift_reg:INST13                    ; work         ;
;    |Clock_Source:Clock_Selector|   ; 23 (23)           ; 22 (22)      ; 0           ; 0          ; 0            ; 0       ; 0         ; 0    ; 0            ; 0          ; |LogicalStep_Lab4_top|Clock_Source:Clock_Selector               ; work         ;
;    |SevenSegment:INST10|           ; 7 (7)             ; 0 (0)        ; 0           ; 0          ; 0            ; 0       ; 0         ; 0    ; 0            ; 0          ; |LogicalStep_Lab4_top|SevenSegment:INST10                       ; work         ;
;    |SevenSegment:INST9|            ; 7 (7)             ; 0 (0)        ; 0           ; 0          ; 0            ; 0       ; 0         ; 0    ; 0            ; 0          ; |LogicalStep_Lab4_top|SevenSegment:INST9                        ; work         ;
;    |Shift_Register:INST4|          ; 0 (0)             ; 4 (4)        ; 0           ; 0          ; 0            ; 0       ; 0         ; 0    ; 0            ; 0          ; |LogicalStep_Lab4_top|Shift_Register:INST4                      ; work         ;
;    |Shift_Register:INST5|          ; 0 (0)             ; 4 (4)        ; 0           ; 0          ; 0            ; 0       ; 0         ; 0    ; 0            ; 0          ; |LogicalStep_Lab4_top|Shift_Register:INST5                      ; work         ;
;    |State_Machine_Extender:INST12| ; 14 (14)           ; 2 (2)        ; 0           ; 0          ; 0            ; 0       ; 0         ; 0    ; 0            ; 0          ; |LogicalStep_Lab4_top|State_Machine_Extender:INST12             ; work         ;
;    |State_Machine_Grabber:INST14|  ; 5 (5)             ; 4 (4)        ; 0           ; 0          ; 0            ; 0       ; 0         ; 0    ; 0            ; 0          ; |LogicalStep_Lab4_top|State_Machine_Grabber:INST14              ; work         ;
;    |Synch_inverter:INST1|          ; 4 (4)             ; 12 (12)      ; 0           ; 0          ; 0            ; 0       ; 0         ; 0    ; 0            ; 0          ; |LogicalStep_Lab4_top|Synch_inverter:INST1                      ; work         ;
;    |U_D_Bin_Counter4bit:INST2|     ; 6 (6)             ; 4 (4)        ; 0           ; 0          ; 0            ; 0       ; 0         ; 0    ; 0            ; 0          ; |LogicalStep_Lab4_top|U_D_Bin_Counter4bit:INST2                 ; work         ;
;    |U_D_Bin_Counter4bit:INST3|     ; 6 (6)             ; 4 (4)        ; 0           ; 0          ; 0            ; 0       ; 0         ; 0    ; 0            ; 0          ; |LogicalStep_Lab4_top|U_D_Bin_Counter4bit:INST3                 ; work         ;
;    |XYMotion:INST6|                ; 21 (1)            ; 4 (0)        ; 0           ; 0          ; 0            ; 0       ; 0         ; 0    ; 0            ; 0          ; |LogicalStep_Lab4_top|XYMotion:INST6                            ; work         ;
;       |XYMotion_Component_2:INST1| ; 10 (10)           ; 2 (2)        ; 0           ; 0          ; 0            ; 0       ; 0         ; 0    ; 0            ; 0          ; |LogicalStep_Lab4_top|XYMotion:INST6|XYMotion_Component_2:INST1 ; work         ;
;       |XYMotion_Component_2:INST2| ; 10 (10)           ; 2 (2)        ; 0           ; 0          ; 0            ; 0       ; 0         ; 0    ; 0            ; 0          ; |LogicalStep_Lab4_top|XYMotion:INST6|XYMotion_Component_2:INST2 ; work         ;
;    |compx4:INST7|                  ; 5 (5)             ; 0 (0)        ; 0           ; 0          ; 0            ; 0       ; 0         ; 0    ; 0            ; 0          ; |LogicalStep_Lab4_top|compx4:INST7                              ; work         ;
;    |compx4:INST8|                  ; 5 (5)             ; 0 (0)        ; 0           ; 0          ; 0            ; 0       ; 0         ; 0    ; 0            ; 0          ; |LogicalStep_Lab4_top|compx4:INST8                              ; work         ;
;    |segment7_mux:INST11|           ; 18 (18)           ; 2 (2)        ; 0           ; 0          ; 0            ; 0       ; 0         ; 0    ; 0            ; 0          ; |LogicalStep_Lab4_top|segment7_mux:INST11                       ; work         ;
+------------------------------------+-------------------+--------------+-------------+------------+--------------+---------+-----------+------+--------------+------------+-----------------------------------------------------------------+--------------+
Note: For table entries with two numbers listed, the numbers in parentheses indicate the number of resources of the given type used by the specific entity alone. The numbers listed outside of parentheses indicate the total resources of the given type used by the specific entity and all of its sub-entities in the hierarchy.


Encoding Type:  One-Hot
+-------------------------------------------------------------------------------------------------------------------------------+
; State Machine - |LogicalStep_Lab4_top|State_Machine_Grabber:INST14|current_state                                              ;
+---------------------------+---------------------------+---------------------+-------------------------+-----------------------+
; Name                      ; current_state.GCLOSEDHOLD ; current_state.GOPEN ; current_state.GOPENHOLD ; current_state.GCLOSED ;
+---------------------------+---------------------------+---------------------+-------------------------+-----------------------+
; current_state.GCLOSED     ; 0                         ; 0                   ; 0                       ; 0                     ;
; current_state.GOPENHOLD   ; 0                         ; 0                   ; 1                       ; 1                     ;
; current_state.GOPEN       ; 0                         ; 1                   ; 0                       ; 1                     ;
; current_state.GCLOSEDHOLD ; 1                         ; 0                   ; 0                       ; 1                     ;
+---------------------------+---------------------------+---------------------+-------------------------+-----------------------+


Encoding Type:  One-Hot
+--------------------------------------------------------------------------------------+
; State Machine - |LogicalStep_Lab4_top|State_Machine_Extender:INST12|current_state    ;
+----------------------+----------------------+---------------------+------------------+
; Name                 ; current_state.MRIGHT ; current_state.MLEFT ; current_state.BC ;
+----------------------+----------------------+---------------------+------------------+
; current_state.BC     ; 0                    ; 0                   ; 0                ;
; current_state.MLEFT  ; 0                    ; 1                   ; 1                ;
; current_state.MRIGHT ; 1                    ; 0                   ; 1                ;
+----------------------+----------------------+---------------------+------------------+


Encoding Type:  One-Hot
+-----------------------------------------------------------------------------------------------------+
; State Machine - |LogicalStep_Lab4_top|XYMotion:INST6|XYMotion_Component_2:INST2|current_state       ;
+---------------------------+---------------------------+--------------------------+------------------+
; Name                      ; current_state.MOTION_CASE ; current_state.TRANSITION ; current_state.BC ;
+---------------------------+---------------------------+--------------------------+------------------+
; current_state.BC          ; 0                         ; 0                        ; 0                ;
; current_state.TRANSITION  ; 0                         ; 1                        ; 1                ;
; current_state.MOTION_CASE ; 1                         ; 0                        ; 1                ;
+---------------------------+---------------------------+--------------------------+------------------+


Encoding Type:  One-Hot
+-----------------------------------------------------------------------------------------------------+
; State Machine - |LogicalStep_Lab4_top|XYMotion:INST6|XYMotion_Component_2:INST1|current_state       ;
+---------------------------+---------------------------+--------------------------+------------------+
; Name                      ; current_state.MOTION_CASE ; current_state.TRANSITION ; current_state.BC ;
+---------------------------+---------------------------+--------------------------+------------------+
; current_state.BC          ; 0                         ; 0                        ; 0                ;
; current_state.TRANSITION  ; 0                         ; 1                        ; 1                ;
; current_state.MOTION_CASE ; 1                         ; 0                        ; 1                ;
+---------------------------+---------------------------+--------------------------+------------------+


+------------------------------------------------------------------------------------------------------------------------------------+
; User-Specified and Inferred Latches                                                                                                ;
+-----------------------------------------------------+-----------------------------------------------------+------------------------+
; Latch Name                                          ; Latch Enable Signal                                 ; Free of Timing Hazards ;
+-----------------------------------------------------+-----------------------------------------------------+------------------------+
; State_Machine_Extender:INST12|grappler_en           ; State_Machine_Extender:INST12|current_state.BC      ; yes                    ;
; XYMotion:INST6|XYMotion_Component_2:INST1|up_down   ; XYMotion:INST6|XYMotion_Component_2:INST1|Selector2 ; yes                    ;
; XYMotion:INST6|XYMotion_Component_2:INST2|up_down   ; XYMotion:INST6|XYMotion_Component_2:INST2|Selector2 ; yes                    ;
; State_Machine_Extender:INST12|next_state.MRIGHT_120 ; State_Machine_Extender:INST12|Selector3             ; yes                    ;
; State_Machine_Extender:INST12|next_state.BC_154     ; State_Machine_Extender:INST12|Selector3             ; yes                    ;
; Number of user-specified and inferred latches = 5   ;                                                     ;                        ;
+-----------------------------------------------------+-----------------------------------------------------+------------------------+
Note: All latches listed above may not be present at the end of synthesis due to various synthesis optimizations.


+------------------------------------------------------------------------------------------------------------------------------+
; Registers Removed During Synthesis                                                                                           ;
+------------------------------------------------------------+-----------------------------------------------------------------+
; Register name                                              ; Reason for Removal                                              ;
+------------------------------------------------------------+-----------------------------------------------------------------+
; Clock_Source:Clock_Selector|\clk_divider:counter[0]        ; Merged with segment7_mux:INST11|\clk_proc:COUNT[0]              ;
; XYMotion:INST6|XYMotion_Component_2:INST2|current_state.BC ; Lost fanout                                                     ;
; XYMotion:INST6|XYMotion_Component_2:INST1|current_state.BC ; Lost fanout                                                     ;
; segment7_mux:INST11|\clk_proc:COUNT[1]                     ; Merged with Clock_Source:Clock_Selector|\clk_divider:counter[1] ;
; segment7_mux:INST11|\clk_proc:COUNT[2]                     ; Merged with Clock_Source:Clock_Selector|\clk_divider:counter[2] ;
; segment7_mux:INST11|\clk_proc:COUNT[3]                     ; Merged with Clock_Source:Clock_Selector|\clk_divider:counter[3] ;
; segment7_mux:INST11|\clk_proc:COUNT[4]                     ; Merged with Clock_Source:Clock_Selector|\clk_divider:counter[4] ;
; segment7_mux:INST11|\clk_proc:COUNT[5]                     ; Merged with Clock_Source:Clock_Selector|\clk_divider:counter[5] ;
; segment7_mux:INST11|\clk_proc:COUNT[6]                     ; Merged with Clock_Source:Clock_Selector|\clk_divider:counter[6] ;
; segment7_mux:INST11|\clk_proc:COUNT[7]                     ; Merged with Clock_Source:Clock_Selector|\clk_divider:counter[7] ;
; segment7_mux:INST11|\clk_proc:COUNT[8]                     ; Merged with Clock_Source:Clock_Selector|\clk_divider:counter[8] ;
; segment7_mux:INST11|\clk_proc:COUNT[9]                     ; Merged with Clock_Source:Clock_Selector|\clk_divider:counter[9] ;
; Clock_Source:Clock_Selector|\clk_divider:counter[10]       ; Merged with segment7_mux:INST11|\clk_proc:COUNT[10]             ;
; State_Machine_Extender:INST12|current_state.MLEFT          ; Lost fanout                                                     ;
; Total Number of Removed Registers = 14                     ;                                                                 ;
+------------------------------------------------------------+-----------------------------------------------------------------+


+------------------------------------------------------+
; General Register Statistics                          ;
+----------------------------------------------+-------+
; Statistic                                    ; Value ;
+----------------------------------------------+-------+
; Total registers                              ; 66    ;
; Number of registers using Synchronous Clear  ; 0     ;
; Number of registers using Synchronous Load   ; 0     ;
; Number of registers using Asynchronous Clear ; 30    ;
; Number of registers using Asynchronous Load  ; 0     ;
; Number of registers using Clock Enable       ; 18    ;
; Number of registers using Preset             ; 0     ;
+----------------------------------------------+-------+


+-------------------------------------------------------------------------------------------------------------------------------------------------------------------------------------------+
; Multiplexer Restructuring Statistics (Restructuring Performed)                                                                                                                            ;
+--------------------+-----------+---------------+----------------------+------------------------+------------+-----------------------------------------------------------------------------+
; Multiplexer Inputs ; Bus Width ; Baseline Area ; Area if Restructured ; Saving if Restructured ; Registered ; Example Multiplexer Output                                                  ;
+--------------------+-----------+---------------+----------------------+------------------------+------------+-----------------------------------------------------------------------------+
; 3:1                ; 2 bits    ; 4 LEs         ; 4 LEs                ; 0 LEs                  ; No         ; |LogicalStep_Lab4_top|XYMotion:INST6|XYMotion_Component_2:INST1|extender_en ;
; 3:1                ; 2 bits    ; 4 LEs         ; 4 LEs                ; 0 LEs                  ; No         ; |LogicalStep_Lab4_top|XYMotion:INST6|XYMotion_Component_2:INST2|extender_en ;
; 3:1                ; 2 bits    ; 4 LEs         ; 2 LEs                ; 2 LEs                  ; No         ; |LogicalStep_Lab4_top|State_Machine_Extender:INST12|next_state.MLEFT        ;
+--------------------+-----------+---------------+----------------------+------------------------+------------+-----------------------------------------------------------------------------+


+----------------------------------------------------------------------------------------------------------------------+
; Port Connectivity Checks: "XYMotion:INST6|XYMotion_Component_2:INST2"                                                ;
+------------+--------+----------+-------------------------------------------------------------------------------------+
; Port       ; Type   ; Severity ; Details                                                                             ;
+------------+--------+----------+-------------------------------------------------------------------------------------+
; capture_xy ; Output ; Info     ; Connected to dangling logic. Logic that only feeds a dangling port will be removed. ;
+------------+--------+----------+-------------------------------------------------------------------------------------+


+----------------------------------------------------------------------------------------------------------------------+
; Port Connectivity Checks: "XYMotion:INST6|XYMotion_Component_2:INST1"                                                ;
+------------+--------+----------+-------------------------------------------------------------------------------------+
; Port       ; Type   ; Severity ; Details                                                                             ;
+------------+--------+----------+-------------------------------------------------------------------------------------+
; capture_xy ; Output ; Info     ; Connected to dangling logic. Logic that only feeds a dangling port will be removed. ;
+------------+--------+----------+-------------------------------------------------------------------------------------+


+---------------------------------------------------------+
; Port Connectivity Checks: "Clock_Source:Clock_Selector" ;
+----------+-------+----------+---------------------------+
; Port     ; Type  ; Severity ; Details                   ;
+----------+-------+----------+---------------------------+
; sim_flag ; Input ; Info     ; Stuck at GND              ;
+----------+-------+----------+---------------------------+


+-----------------------------------------------------+
; Post-Synthesis Netlist Statistics for Top Partition ;
+-----------------------+-----------------------------+
; Type                  ; Count                       ;
+-----------------------+-----------------------------+
; boundary_port         ; 30                          ;
; cycloneiii_ff         ; 66                          ;
;     CLR               ; 12                          ;
;     ENA CLR           ; 18                          ;
;     plain             ; 36                          ;
; cycloneiii_io_obuf    ; 3                           ;
; cycloneiii_lcell_comb ; 131                         ;
;     arith             ; 37                          ;
;         2 data inputs ; 31                          ;
;         3 data inputs ; 6                           ;
;     normal            ; 94                          ;
;         0 data inputs ; 1                           ;
;         1 data inputs ; 13                          ;
;         2 data inputs ; 9                           ;
;         3 data inputs ; 20                          ;
;         4 data inputs ; 51                          ;
;                       ;                             ;
; Max LUT depth         ; 5.00                        ;
; Average LUT depth     ; 2.66                        ;
+-----------------------+-----------------------------+


+-------------------------------+
; Elapsed Time Per Partition    ;
+----------------+--------------+
; Partition Name ; Elapsed Time ;
+----------------+--------------+
; Top            ; 00:00:00     ;
+----------------+--------------+


+-------------------------------+
; Analysis & Synthesis Messages ;
+-------------------------------+
Info: *******************************************************************
Info: Running Quartus Prime Analysis & Synthesis
    Info: Version 15.1.0 Build 185 10/21/2015 SJ Standard Edition
    Info: Processing started: Fri Jul 15 18:40:30 2022
Info: Command: quartus_map --read_settings_files=on --write_settings_files=off LogicalStep_Lab4 -c LogicalStep_Lab4_top
Info (20030): Parallel compilation is enabled and will use 2 of the 2 processors detected
Info (12021): Found 2 design units, including 1 entities, in source file logicalstep_lab4_top.vhd
    Info (12022): Found design unit 1: LogicalStep_Lab4_top-Circuit File: N:/ECE-124/new ta ma de/Lab4 Ruguonibugongzuo wo ba ni ren dao trash li to/Lab4 Ruguonibugongzuo wo ba ni ren dao trash li to/ta ma de dong si/Lab4/LogicalStep_Lab4_top.vhd Line: 24
    Info (12023): Found entity 1: LogicalStep_Lab4_top File: N:/ECE-124/new ta ma de/Lab4 Ruguonibugongzuo wo ba ni ren dao trash li to/Lab4 Ruguonibugongzuo wo ba ni ren dao trash li to/ta ma de dong si/Lab4/LogicalStep_Lab4_top.vhd Line: 5
Info (12021): Found 2 design units, including 1 entities, in source file segment7_mux.vhd
    Info (12022): Found design unit 1: segment7_mux-syn File: N:/ECE-124/new ta ma de/Lab4 Ruguonibugongzuo wo ba ni ren dao trash li to/Lab4 Ruguonibugongzuo wo ba ni ren dao trash li to/ta ma de dong si/Lab4/segment7_mux.vhd Line: 67
    Info (12023): Found entity 1: segment7_mux File: N:/ECE-124/new ta ma de/Lab4 Ruguonibugongzuo wo ba ni ren dao trash li to/Lab4 Ruguonibugongzuo wo ba ni ren dao trash li to/ta ma de dong si/Lab4/segment7_mux.vhd Line: 52
Info (12021): Found 2 design units, including 1 entities, in source file sevensegment.vhd
    Info (12022): Found design unit 1: SevenSegment-Behavioral File: N:/ECE-124/new ta ma de/Lab4 Ruguonibugongzuo wo ba ni ren dao trash li to/Lab4 Ruguonibugongzuo wo ba ni ren dao trash li to/ta ma de dong si/Lab4/SevenSegment.vhd Line: 18
    Info (12023): Found entity 1: SevenSegment File: N:/ECE-124/new ta ma de/Lab4 Ruguonibugongzuo wo ba ni ren dao trash li to/Lab4 Ruguonibugongzuo wo ba ni ren dao trash li to/ta ma de dong si/Lab4/SevenSegment.vhd Line: 10
Info (12021): Found 2 design units, including 1 entities, in source file state_machine_extender.vhd
    Info (12022): Found design unit 1: State_Machine_Extender-SM File: N:/ECE-124/new ta ma de/Lab4 Ruguonibugongzuo wo ba ni ren dao trash li to/Lab4 Ruguonibugongzuo wo ba ni ren dao trash li to/ta ma de dong si/Lab4/State_Machine_Extender.vhd Line: 14
    Info (12023): Found entity 1: State_Machine_Extender File: N:/ECE-124/new ta ma de/Lab4 Ruguonibugongzuo wo ba ni ren dao trash li to/Lab4 Ruguonibugongzuo wo ba ni ren dao trash li to/ta ma de dong si/Lab4/State_Machine_Extender.vhd Line: 5
Info (12021): Found 2 design units, including 1 entities, in source file grappler.vhd
    Info (12022): Found design unit 1: State_Machine_Grabber-SM File: N:/ECE-124/new ta ma de/Lab4 Ruguonibugongzuo wo ba ni ren dao trash li to/Lab4 Ruguonibugongzuo wo ba ni ren dao trash li to/ta ma de dong si/Lab4/grappler.vhd Line: 13
    Info (12023): Found entity 1: State_Machine_Grabber File: N:/ECE-124/new ta ma de/Lab4 Ruguonibugongzuo wo ba ni ren dao trash li to/Lab4 Ruguonibugongzuo wo ba ni ren dao trash li to/ta ma de dong si/Lab4/grappler.vhd Line: 5
Info (12021): Found 2 design units, including 1 entities, in source file bidir_shift_reg.vhd
    Info (12022): Found design unit 1: Bidir_shift_reg-one File: N:/ECE-124/new ta ma de/Lab4 Ruguonibugongzuo wo ba ni ren dao trash li to/Lab4 Ruguonibugongzuo wo ba ni ren dao trash li to/ta ma de dong si/Lab4/Bidir_shift_reg.vhd Line: 15
    Info (12023): Found entity 1: Bidir_shift_reg File: N:/ECE-124/new ta ma de/Lab4 Ruguonibugongzuo wo ba ni ren dao trash li to/Lab4 Ruguonibugongzuo wo ba ni ren dao trash li to/ta ma de dong si/Lab4/Bidir_shift_reg.vhd Line: 5
Info (12021): Found 2 design units, including 1 entities, in source file register.vhd
    Info (12022): Found design unit 1: Shift_Register-SR File: N:/ECE-124/new ta ma de/Lab4 Ruguonibugongzuo wo ba ni ren dao trash li to/Lab4 Ruguonibugongzuo wo ba ni ren dao trash li to/ta ma de dong si/Lab4/register.vhd Line: 13
    Info (12023): Found entity 1: Shift_Register File: N:/ECE-124/new ta ma de/Lab4 Ruguonibugongzuo wo ba ni ren dao trash li to/Lab4 Ruguonibugongzuo wo ba ni ren dao trash li to/ta ma de dong si/Lab4/register.vhd Line: 5
Info (12021): Found 2 design units, including 1 entities, in source file updownbinarycounter.vhd
    Info (12022): Found design unit 1: U_D_Bin_Counter4bit-one File: N:/ECE-124/new ta ma de/Lab4 Ruguonibugongzuo wo ba ni ren dao trash li to/Lab4 Ruguonibugongzuo wo ba ni ren dao trash li to/ta ma de dong si/Lab4/updownbinarycounter.vhd Line: 15
    Info (12023): Found entity 1: U_D_Bin_Counter4bit File: N:/ECE-124/new ta ma de/Lab4 Ruguonibugongzuo wo ba ni ren dao trash li to/Lab4 Ruguonibugongzuo wo ba ni ren dao trash li to/ta ma de dong si/Lab4/updownbinarycounter.vhd Line: 5
Info (12021): Found 2 design units, including 1 entities, in source file comp_motion.vhd
    Info (12022): Found design unit 1: Component_Motion-LOGIC File: N:/ECE-124/new ta ma de/Lab4 Ruguonibugongzuo wo ba ni ren dao trash li to/Lab4 Ruguonibugongzuo wo ba ni ren dao trash li to/ta ma de dong si/Lab4/Comp_Motion.vhd Line: 15
    Info (12023): Found entity 1: Component_Motion File: N:/ECE-124/new ta ma de/Lab4 Ruguonibugongzuo wo ba ni ren dao trash li to/Lab4 Ruguonibugongzuo wo ba ni ren dao trash li to/ta ma de dong si/Lab4/Comp_Motion.vhd Line: 7
Info (12021): Found 2 design units, including 1 entities, in source file xymotion2.vhd
    Info (12022): Found design unit 1: XYMotion_Component_2-SM File: N:/ECE-124/new ta ma de/Lab4 Ruguonibugongzuo wo ba ni ren dao trash li to/Lab4 Ruguonibugongzuo wo ba ni ren dao trash li to/ta ma de dong si/Lab4/XYMotion2.vhd Line: 16
    Info (12023): Found entity 1: XYMotion_Component_2 File: N:/ECE-124/new ta ma de/Lab4 Ruguonibugongzuo wo ba ni ren dao trash li to/Lab4 Ruguonibugongzuo wo ba ni ren dao trash li to/ta ma de dong si/Lab4/XYMotion2.vhd Line: 5
Warning (12019): Can't analyze file -- file output_files/XYMotionFinal.vhd is missing
Info (12021): Found 2 design units, including 1 entities, in source file xymotionfinal2.vhd
    Info (12022): Found design unit 1: XYMotion-Circuit File: N:/ECE-124/new ta ma de/Lab4 Ruguonibugongzuo wo ba ni ren dao trash li to/Lab4 Ruguonibugongzuo wo ba ni ren dao trash li to/ta ma de dong si/Lab4/XYMotionFinal2.vhd Line: 16
    Info (12023): Found entity 1: XYMotion File: N:/ECE-124/new ta ma de/Lab4 Ruguonibugongzuo wo ba ni ren dao trash li to/Lab4 Ruguonibugongzuo wo ba ni ren dao trash li to/ta ma de dong si/Lab4/XYMotionFinal2.vhd Line: 5
Info (12127): Elaborating entity "LogicalStep_Lab4_top" for the top level hierarchy
Warning (10873): Using initial value X (don't care) for net "leds[7..6]" at LogicalStep_Lab4_top.vhd(11) File: N:/ECE-124/new ta ma de/Lab4 Ruguonibugongzuo wo ba ni ren dao trash li to/Lab4 Ruguonibugongzuo wo ba ni ren dao trash li to/ta ma de dong si/Lab4/LogicalStep_Lab4_top.vhd Line: 11
Warning (12125): Using design file clock_source.vhd, which is not specified as a design file for the current project, but contains definitions for 2 design units and 1 entities in project
    Info (12022): Found design unit 1: Clock_Source-rtl File: N:/ECE-124/new ta ma de/Lab4 Ruguonibugongzuo wo ba ni ren dao trash li to/Lab4 Ruguonibugongzuo wo ba ni ren dao trash li to/ta ma de dong si/Lab4/clock_source.vhd Line: 17
    Info (12023): Found entity 1: Clock_Source File: N:/ECE-124/new ta ma de/Lab4 Ruguonibugongzuo wo ba ni ren dao trash li to/Lab4 Ruguonibugongzuo wo ba ni ren dao trash li to/ta ma de dong si/Lab4/clock_source.vhd Line: 6
Info (12128): Elaborating entity "Clock_Source" for hierarchy "Clock_Source:Clock_Selector" File: N:/ECE-124/new ta ma de/Lab4 Ruguonibugongzuo wo ba ni ren dao trash li to/Lab4 Ruguonibugongzuo wo ba ni ren dao trash li to/ta ma de dong si/Lab4/LogicalStep_Lab4_top.vhd Line: 185
Warning (10492): VHDL Process Statement warning at clock_source.vhd(44): signal "clk_input" is read inside the Process Statement but isn't in the Process Statement's sensitivity list File: N:/ECE-124/new ta ma de/Lab4 Ruguonibugongzuo wo ba ni ren dao trash li to/Lab4 Ruguonibugongzuo wo ba ni ren dao trash li to/ta ma de dong si/Lab4/clock_source.vhd Line: 44
Warning (10492): VHDL Process Statement warning at clock_source.vhd(46): signal "clk_2hz" is read inside the Process Statement but isn't in the Process Statement's sensitivity list File: N:/ECE-124/new ta ma de/Lab4 Ruguonibugongzuo wo ba ni ren dao trash li to/Lab4 Ruguonibugongzuo wo ba ni ren dao trash li to/ta ma de dong si/Lab4/clock_source.vhd Line: 46
Warning (12125): Using design file synch_inverter.vhd, which is not specified as a design file for the current project, but contains definitions for 2 design units and 1 entities in project
    Info (12022): Found design unit 1: synch_inverter-synchronize File: N:/ECE-124/new ta ma de/Lab4 Ruguonibugongzuo wo ba ni ren dao trash li to/Lab4 Ruguonibugongzuo wo ba ni ren dao trash li to/ta ma de dong si/Lab4/synch_inverter.vhd Line: 13
    Info (12023): Found entity 1: Synch_inverter File: N:/ECE-124/new ta ma de/Lab4 Ruguonibugongzuo wo ba ni ren dao trash li to/Lab4 Ruguonibugongzuo wo ba ni ren dao trash li to/ta ma de dong si/Lab4/synch_inverter.vhd Line: 5
Info (12128): Elaborating entity "Synch_inverter" for hierarchy "Synch_inverter:INST1" File: N:/ECE-124/new ta ma de/Lab4 Ruguonibugongzuo wo ba ni ren dao trash li to/Lab4 Ruguonibugongzuo wo ba ni ren dao trash li to/ta ma de dong si/Lab4/LogicalStep_Lab4_top.vhd Line: 196
Info (12128): Elaborating entity "U_D_Bin_Counter4bit" for hierarchy "U_D_Bin_Counter4bit:INST2" File: N:/ECE-124/new ta ma de/Lab4 Ruguonibugongzuo wo ba ni ren dao trash li to/Lab4 Ruguonibugongzuo wo ba ni ren dao trash li to/ta ma de dong si/Lab4/LogicalStep_Lab4_top.vhd Line: 198
Warning (10492): VHDL Process Statement warning at updownbinarycounter.vhd(39): signal "ud_bin_counter" is read inside the Process Statement but isn't in the Process Statement's sensitivity list File: N:/ECE-124/new ta ma de/Lab4 Ruguonibugongzuo wo ba ni ren dao trash li to/Lab4 Ruguonibugongzuo wo ba ni ren dao trash li to/ta ma de dong si/Lab4/updownbinarycounter.vhd Line: 39
Info (12128): Elaborating entity "Shift_Register" for hierarchy "Shift_Register:INST4" File: N:/ECE-124/new ta ma de/Lab4 Ruguonibugongzuo wo ba ni ren dao trash li to/Lab4 Ruguonibugongzuo wo ba ni ren dao trash li to/ta ma de dong si/Lab4/LogicalStep_Lab4_top.vhd Line: 201
Warning (10492): VHDL Process Statement warning at register.vhd(32): signal "registers" is read inside the Process Statement but isn't in the Process Statement's sensitivity list File: N:/ECE-124/new ta ma de/Lab4 Ruguonibugongzuo wo ba ni ren dao trash li to/Lab4 Ruguonibugongzuo wo ba ni ren dao trash li to/ta ma de dong si/Lab4/register.vhd Line: 32
Info (12128): Elaborating entity "XYMotion" for hierarchy "XYMotion:INST6" File: N:/ECE-124/new ta ma de/Lab4 Ruguonibugongzuo wo ba ni ren dao trash li to/Lab4 Ruguonibugongzuo wo ba ni ren dao trash li to/ta ma de dong si/Lab4/LogicalStep_Lab4_top.vhd Line: 203
Warning (10036): Verilog HDL or VHDL warning at XYMotionFinal2.vhd(32): object "Capture_X" assigned a value but never read File: N:/ECE-124/new ta ma de/Lab4 Ruguonibugongzuo wo ba ni ren dao trash li to/Lab4 Ruguonibugongzuo wo ba ni ren dao trash li to/ta ma de dong si/Lab4/XYMotionFinal2.vhd Line: 32
Warning (10036): Verilog HDL or VHDL warning at XYMotionFinal2.vhd(33): object "Capture_Y" assigned a value but never read File: N:/ECE-124/new ta ma de/Lab4 Ruguonibugongzuo wo ba ni ren dao trash li to/Lab4 Ruguonibugongzuo wo ba ni ren dao trash li to/ta ma de dong si/Lab4/XYMotionFinal2.vhd Line: 33
Warning (10492): VHDL Process Statement warning at XYMotionFinal2.vhd(46): signal "X_ext_en" is read inside the Process Statement but isn't in the Process Statement's sensitivity list File: N:/ECE-124/new ta ma de/Lab4 Ruguonibugongzuo wo ba ni ren dao trash li to/Lab4 Ruguonibugongzuo wo ba ni ren dao trash li to/ta ma de dong si/Lab4/XYMotionFinal2.vhd Line: 46
Warning (10492): VHDL Process Statement warning at XYMotionFinal2.vhd(46): signal "Y_ext_en" is read inside the Process Statement but isn't in the Process Statement's sensitivity list File: N:/ECE-124/new ta ma de/Lab4 Ruguonibugongzuo wo ba ni ren dao trash li to/Lab4 Ruguonibugongzuo wo ba ni ren dao trash li to/ta ma de dong si/Lab4/XYMotionFinal2.vhd Line: 46
Warning (10492): VHDL Process Statement warning at XYMotionFinal2.vhd(53): signal "motion" is read inside the Process Statement but isn't in the Process Statement's sensitivity list File: N:/ECE-124/new ta ma de/Lab4 Ruguonibugongzuo wo ba ni ren dao trash li to/Lab4 Ruguonibugongzuo wo ba ni ren dao trash li to/ta ma de dong si/Lab4/XYMotionFinal2.vhd Line: 53
Warning (10492): VHDL Process Statement warning at XYMotionFinal2.vhd(60): signal "X_error" is read inside the Process Statement but isn't in the Process Statement's sensitivity list File: N:/ECE-124/new ta ma de/Lab4 Ruguonibugongzuo wo ba ni ren dao trash li to/Lab4 Ruguonibugongzuo wo ba ni ren dao trash li to/ta ma de dong si/Lab4/XYMotionFinal2.vhd Line: 60
Warning (10492): VHDL Process Statement warning at XYMotionFinal2.vhd(60): signal "Y_error" is read inside the Process Statement but isn't in the Process Statement's sensitivity list File: N:/ECE-124/new ta ma de/Lab4 Ruguonibugongzuo wo ba ni ren dao trash li to/Lab4 Ruguonibugongzuo wo ba ni ren dao trash li to/ta ma de dong si/Lab4/XYMotionFinal2.vhd Line: 60
Info (12128): Elaborating entity "XYMotion_Component_2" for hierarchy "XYMotion:INST6|XYMotion_Component_2:INST1" File: N:/ECE-124/new ta ma de/Lab4 Ruguonibugongzuo wo ba ni ren dao trash li to/Lab4 Ruguonibugongzuo wo ba ni ren dao trash li to/ta ma de dong si/Lab4/XYMotionFinal2.vhd Line: 68
Warning (10631): VHDL Process Statement warning at XYMotion2.vhd(45): inferring latch(es) for signal or variable "next_state", which holds its previous value in one or more paths through the process File: N:/ECE-124/new ta ma de/Lab4 Ruguonibugongzuo wo ba ni ren dao trash li to/Lab4 Ruguonibugongzuo wo ba ni ren dao trash li to/ta ma de dong si/Lab4/XYMotion2.vhd Line: 45
Warning (10631): VHDL Process Statement warning at XYMotion2.vhd(82): inferring latch(es) for signal or variable "clk_en", which holds its previous value in one or more paths through the process File: N:/ECE-124/new ta ma de/Lab4 Ruguonibugongzuo wo ba ni ren dao trash li to/Lab4 Ruguonibugongzuo wo ba ni ren dao trash li to/ta ma de dong si/Lab4/XYMotion2.vhd Line: 82
Warning (10631): VHDL Process Statement warning at XYMotion2.vhd(82): inferring latch(es) for signal or variable "up_down", which holds its previous value in one or more paths through the process File: N:/ECE-124/new ta ma de/Lab4 Ruguonibugongzuo wo ba ni ren dao trash li to/Lab4 Ruguonibugongzuo wo ba ni ren dao trash li to/ta ma de dong si/Lab4/XYMotion2.vhd Line: 82
Warning (10631): VHDL Process Statement warning at XYMotion2.vhd(82): inferring latch(es) for signal or variable "Capture_XY", which holds its previous value in one or more paths through the process File: N:/ECE-124/new ta ma de/Lab4 Ruguonibugongzuo wo ba ni ren dao trash li to/Lab4 Ruguonibugongzuo wo ba ni ren dao trash li to/ta ma de dong si/Lab4/XYMotion2.vhd Line: 82
Warning (10631): VHDL Process Statement warning at XYMotion2.vhd(82): inferring latch(es) for signal or variable "extender_en", which holds its previous value in one or more paths through the process File: N:/ECE-124/new ta ma de/Lab4 Ruguonibugongzuo wo ba ni ren dao trash li to/Lab4 Ruguonibugongzuo wo ba ni ren dao trash li to/ta ma de dong si/Lab4/XYMotion2.vhd Line: 82
Warning (10631): VHDL Process Statement warning at XYMotion2.vhd(82): inferring latch(es) for signal or variable "error", which holds its previous value in one or more paths through the process File: N:/ECE-124/new ta ma de/Lab4 Ruguonibugongzuo wo ba ni ren dao trash li to/Lab4 Ruguonibugongzuo wo ba ni ren dao trash li to/ta ma de dong si/Lab4/XYMotion2.vhd Line: 82
Info (10041): Inferred latch for "up_down" at XYMotion2.vhd(82) File: N:/ECE-124/new ta ma de/Lab4 Ruguonibugongzuo wo ba ni ren dao trash li to/Lab4 Ruguonibugongzuo wo ba ni ren dao trash li to/ta ma de dong si/Lab4/XYMotion2.vhd Line: 82
Warning (12125): Using design file compx4.vhd, which is not specified as a design file for the current project, but contains definitions for 2 design units and 1 entities in project
    Info (12022): Found design unit 1: compx4-comparator File: N:/ECE-124/new ta ma de/Lab4 Ruguonibugongzuo wo ba ni ren dao trash li to/Lab4 Ruguonibugongzuo wo ba ni ren dao trash li to/ta ma de dong si/Lab4/compx4.vhd Line: 13
    Info (12023): Found entity 1: compx4 File: N:/ECE-124/new ta ma de/Lab4 Ruguonibugongzuo wo ba ni ren dao trash li to/Lab4 Ruguonibugongzuo wo ba ni ren dao trash li to/ta ma de dong si/Lab4/compx4.vhd Line: 6
Info (12128): Elaborating entity "compx4" for hierarchy "compx4:INST7" File: N:/ECE-124/new ta ma de/Lab4 Ruguonibugongzuo wo ba ni ren dao trash li to/Lab4 Ruguonibugongzuo wo ba ni ren dao trash li to/ta ma de dong si/Lab4/LogicalStep_Lab4_top.vhd Line: 205
Warning (12125): Using design file compx1.vhd, which is not specified as a design file for the current project, but contains definitions for 2 design units and 1 entities in project
    Info (12022): Found design unit 1: compx1-comparator File: N:/ECE-124/new ta ma de/Lab4 Ruguonibugongzuo wo ba ni ren dao trash li to/Lab4 Ruguonibugongzuo wo ba ni ren dao trash li to/ta ma de dong si/Lab4/compx1.vhd Line: 13
    Info (12023): Found entity 1: compx1 File: N:/ECE-124/new ta ma de/Lab4 Ruguonibugongzuo wo ba ni ren dao trash li to/Lab4 Ruguonibugongzuo wo ba ni ren dao trash li to/ta ma de dong si/Lab4/compx1.vhd Line: 7
Info (12128): Elaborating entity "compx1" for hierarchy "compx4:INST7|compx1:INST1" File: N:/ECE-124/new ta ma de/Lab4 Ruguonibugongzuo wo ba ni ren dao trash li to/Lab4 Ruguonibugongzuo wo ba ni ren dao trash li to/ta ma de dong si/Lab4/compx4.vhd Line: 25
Info (12128): Elaborating entity "SevenSegment" for hierarchy "SevenSegment:INST9" File: N:/ECE-124/new ta ma de/Lab4 Ruguonibugongzuo wo ba ni ren dao trash li to/Lab4 Ruguonibugongzuo wo ba ni ren dao trash li to/ta ma de dong si/Lab4/LogicalStep_Lab4_top.vhd Line: 208
Info (12128): Elaborating entity "segment7_mux" for hierarchy "segment7_mux:INST11" File: N:/ECE-124/new ta ma de/Lab4 Ruguonibugongzuo wo ba ni ren dao trash li to/Lab4 Ruguonibugongzuo wo ba ni ren dao trash li to/ta ma de dong si/Lab4/LogicalStep_Lab4_top.vhd Line: 210
Info (12128): Elaborating entity "State_Machine_Extender" for hierarchy "State_Machine_Extender:INST12" File: N:/ECE-124/new ta ma de/Lab4 Ruguonibugongzuo wo ba ni ren dao trash li to/Lab4 Ruguonibugongzuo wo ba ni ren dao trash li to/ta ma de dong si/Lab4/LogicalStep_Lab4_top.vhd Line: 212
Warning (10631): VHDL Process Statement warning at State_Machine_Extender.vhd(43): inferring latch(es) for signal or variable "next_state", which holds its previous value in one or more paths through the process File: N:/ECE-124/new ta ma de/Lab4 Ruguonibugongzuo wo ba ni ren dao trash li to/Lab4 Ruguonibugongzuo wo ba ni ren dao trash li to/ta ma de dong si/Lab4/State_Machine_Extender.vhd Line: 43
Warning (10631): VHDL Process Statement warning at State_Machine_Extender.vhd(91): inferring latch(es) for signal or variable "grappler_en", which holds its previous value in one or more paths through the process File: N:/ECE-124/new ta ma de/Lab4 Ruguonibugongzuo wo ba ni ren dao trash li to/Lab4 Ruguonibugongzuo wo ba ni ren dao trash li to/ta ma de dong si/Lab4/State_Machine_Extender.vhd Line: 91
Info (10041): Inferred latch for "grappler_en" at State_Machine_Extender.vhd(91) File: N:/ECE-124/new ta ma de/Lab4 Ruguonibugongzuo wo ba ni ren dao trash li to/Lab4 Ruguonibugongzuo wo ba ni ren dao trash li to/ta ma de dong si/Lab4/State_Machine_Extender.vhd Line: 91
Info (10041): Inferred latch for "next_state.MRIGHT" at State_Machine_Extender.vhd(43) File: N:/ECE-124/new ta ma de/Lab4 Ruguonibugongzuo wo ba ni ren dao trash li to/Lab4 Ruguonibugongzuo wo ba ni ren dao trash li to/ta ma de dong si/Lab4/State_Machine_Extender.vhd Line: 43
Info (10041): Inferred latch for "next_state.MLEFT" at State_Machine_Extender.vhd(43) File: N:/ECE-124/new ta ma de/Lab4 Ruguonibugongzuo wo ba ni ren dao trash li to/Lab4 Ruguonibugongzuo wo ba ni ren dao trash li to/ta ma de dong si/Lab4/State_Machine_Extender.vhd Line: 43
Info (10041): Inferred latch for "next_state.BC" at State_Machine_Extender.vhd(43) File: N:/ECE-124/new ta ma de/Lab4 Ruguonibugongzuo wo ba ni ren dao trash li to/Lab4 Ruguonibugongzuo wo ba ni ren dao trash li to/ta ma de dong si/Lab4/State_Machine_Extender.vhd Line: 43
Info (12128): Elaborating entity "Bidir_shift_reg" for hierarchy "Bidir_shift_reg:INST13" File: N:/ECE-124/new ta ma de/Lab4 Ruguonibugongzuo wo ba ni ren dao trash li to/Lab4 Ruguonibugongzuo wo ba ni ren dao trash li to/ta ma de dong si/Lab4/LogicalStep_Lab4_top.vhd Line: 213
Warning (10492): VHDL Process Statement warning at Bidir_shift_reg.vhd(26): signal "CLK_EN" is read inside the Process Statement but isn't in the Process Statement's sensitivity list File: N:/ECE-124/new ta ma de/Lab4 Ruguonibugongzuo wo ba ni ren dao trash li to/Lab4 Ruguonibugongzuo wo ba ni ren dao trash li to/ta ma de dong si/Lab4/Bidir_shift_reg.vhd Line: 26
Warning (10492): VHDL Process Statement warning at Bidir_shift_reg.vhd(33): signal "sreg" is read inside the Process Statement but isn't in the Process Statement's sensitivity list File: N:/ECE-124/new ta ma de/Lab4 Ruguonibugongzuo wo ba ni ren dao trash li to/Lab4 Ruguonibugongzuo wo ba ni ren dao trash li to/ta ma de dong si/Lab4/Bidir_shift_reg.vhd Line: 33
Info (12128): Elaborating entity "State_Machine_Grabber" for hierarchy "State_Machine_Grabber:INST14" File: N:/ECE-124/new ta ma de/Lab4 Ruguonibugongzuo wo ba ni ren dao trash li to/Lab4 Ruguonibugongzuo wo ba ni ren dao trash li to/ta ma de dong si/Lab4/LogicalStep_Lab4_top.vhd Line: 214
Warning (10631): VHDL Process Statement warning at grappler.vhd(42): inferring latch(es) for signal or variable "next_state", which holds its previous value in one or more paths through the process File: N:/ECE-124/new ta ma de/Lab4 Ruguonibugongzuo wo ba ni ren dao trash li to/Lab4 Ruguonibugongzuo wo ba ni ren dao trash li to/ta ma de dong si/Lab4/grappler.vhd Line: 42
Info (10041): Inferred latch for "next_state.GCLOSEDHOLD" at grappler.vhd(42) File: N:/ECE-124/new ta ma de/Lab4 Ruguonibugongzuo wo ba ni ren dao trash li to/Lab4 Ruguonibugongzuo wo ba ni ren dao trash li to/ta ma de dong si/Lab4/grappler.vhd Line: 42
Info (10041): Inferred latch for "next_state.GCLOSED" at grappler.vhd(42) File: N:/ECE-124/new ta ma de/Lab4 Ruguonibugongzuo wo ba ni ren dao trash li to/Lab4 Ruguonibugongzuo wo ba ni ren dao trash li to/ta ma de dong si/Lab4/grappler.vhd Line: 42
Info (10041): Inferred latch for "next_state.GOPENHOLD" at grappler.vhd(42) File: N:/ECE-124/new ta ma de/Lab4 Ruguonibugongzuo wo ba ni ren dao trash li to/Lab4 Ruguonibugongzuo wo ba ni ren dao trash li to/ta ma de dong si/Lab4/grappler.vhd Line: 42
Info (10041): Inferred latch for "next_state.GOPEN" at grappler.vhd(42) File: N:/ECE-124/new ta ma de/Lab4 Ruguonibugongzuo wo ba ni ren dao trash li to/Lab4 Ruguonibugongzuo wo ba ni ren dao trash li to/ta ma de dong si/Lab4/grappler.vhd Line: 42
Warning (13012): Latch XYMotion:INST6|XYMotion_Component_2:INST1|up_down has unsafe behavior File: N:/ECE-124/new ta ma de/Lab4 Ruguonibugongzuo wo ba ni ren dao trash li to/Lab4 Ruguonibugongzuo wo ba ni ren dao trash li to/ta ma de dong si/Lab4/XYMotion2.vhd Line: 10
    Warning (13013): Ports D and ENA on the latch are fed by the same signal compx4:INST7|AGTB File: N:/ECE-124/new ta ma de/Lab4 Ruguonibugongzuo wo ba ni ren dao trash li to/Lab4 Ruguonibugongzuo wo ba ni ren dao trash li to/ta ma de dong si/Lab4/compx4.vhd Line: 9
Warning (13012): Latch XYMotion:INST6|XYMotion_Component_2:INST2|up_down has unsafe behavior File: N:/ECE-124/new ta ma de/Lab4 Ruguonibugongzuo wo ba ni ren dao trash li to/Lab4 Ruguonibugongzuo wo ba ni ren dao trash li to/ta ma de dong si/Lab4/XYMotion2.vhd Line: 10
    Warning (13013): Ports D and ENA on the latch are fed by the same signal compx4:INST8|AGTB File: N:/ECE-124/new ta ma de/Lab4 Ruguonibugongzuo wo ba ni ren dao trash li to/Lab4 Ruguonibugongzuo wo ba ni ren dao trash li to/ta ma de dong si/Lab4/compx4.vhd Line: 9
Warning (13012): Latch State_Machine_Extender:INST12|next_state.MRIGHT_120 has unsafe behavior File: N:/ECE-124/new ta ma de/Lab4 Ruguonibugongzuo wo ba ni ren dao trash li to/Lab4 Ruguonibugongzuo wo ba ni ren dao trash li to/ta ma de dong si/Lab4/State_Machine_Extender.vhd Line: 43
    Warning (13013): Ports D and ENA on the latch are fed by the same signal Synch_inverter:INST1|sync_extender File: N:/ECE-124/new ta ma de/Lab4 Ruguonibugongzuo wo ba ni ren dao trash li to/Lab4 Ruguonibugongzuo wo ba ni ren dao trash li to/ta ma de dong si/Lab4/synch_inverter.vhd Line: 8
Warning (13012): Latch State_Machine_Extender:INST12|next_state.BC_154 has unsafe behavior File: N:/ECE-124/new ta ma de/Lab4 Ruguonibugongzuo wo ba ni ren dao trash li to/Lab4 Ruguonibugongzuo wo ba ni ren dao trash li to/ta ma de dong si/Lab4/State_Machine_Extender.vhd Line: 43
    Warning (13013): Ports D and ENA on the latch are fed by the same signal State_Machine_Extender:INST12|current_state.BC File: N:/ECE-124/new ta ma de/Lab4 Ruguonibugongzuo wo ba ni ren dao trash li to/Lab4 Ruguonibugongzuo wo ba ni ren dao trash li to/ta ma de dong si/Lab4/State_Machine_Extender.vhd Line: 19
Warning (13024): Output pins are stuck at VCC or GND
    Warning (13410): Pin "leds[6]" is stuck at GND File: N:/ECE-124/new ta ma de/Lab4 Ruguonibugongzuo wo ba ni ren dao trash li to/Lab4 Ruguonibugongzuo wo ba ni ren dao trash li to/ta ma de dong si/Lab4/LogicalStep_Lab4_top.vhd Line: 11
    Warning (13410): Pin "leds[7]" is stuck at GND File: N:/ECE-124/new ta ma de/Lab4 Ruguonibugongzuo wo ba ni ren dao trash li to/Lab4 Ruguonibugongzuo wo ba ni ren dao trash li to/ta ma de dong si/Lab4/LogicalStep_Lab4_top.vhd Line: 11
Info (286030): Timing-Driven Synthesis is running
Info (17049): 3 registers lost all their fanouts during netlist optimizations.
Info (16010): Generating hard_block partition "hard_block:auto_generated_inst"
    Info (16011): Adding 0 node(s), including 0 DDIO, 0 PLL, 0 transceiver and 0 LCELL
Info (21057): Implemented 172 device resources after synthesis - the final resource count might be different
    Info (21058): Implemented 13 input pins
    Info (21059): Implemented 17 output pins
    Info (21061): Implemented 142 logic cells
Info: Quartus Prime Analysis & Synthesis was successful. 0 errors, 39 warnings
    Info: Peak virtual memory: 4969 megabytes
    Info: Processing ended: Fri Jul 15 18:40:44 2022
    Info: Elapsed time: 00:00:14
    Info: Total CPU time (on all processors): 00:00:20


